  Array.cpp
C:\Users\Stefan\Desktop\oop\SursePOO\laborator10\laborator10\Array.h(116,26): error C7527: 'e': template parameter name cannot be redeclared
C:\Users\Stefan\Desktop\oop\SursePOO\laborator10\laborator10\Array.h(406): message : see reference to class template instantiation 'Array<T,e,l>' being compiled
C:\Users\Stefan\Desktop\oop\SursePOO\laborator10\laborator10\Array.h(60,1): message : see previous definition of 'e'
C:\Users\Stefan\Desktop\oop\SursePOO\laborator10\laborator10\Array.h(116,27): error C3878: syntax error: unexpected token ')' following 'try_block'
C:\Users\Stefan\Desktop\oop\SursePOO\laborator10\laborator10\Array.h(116,27): message : error recovery skipped: ')'
C:\Users\Stefan\Desktop\oop\SursePOO\laborator10\laborator10\Array.h(131,26): error C7527: 'e': template parameter name cannot be redeclared
C:\Users\Stefan\Desktop\oop\SursePOO\laborator10\laborator10\Array.h(60,1): message : see previous definition of 'e'
C:\Users\Stefan\Desktop\oop\SursePOO\laborator10\laborator10\Array.h(131,27): error C3878: syntax error: unexpected token ')' following 'try_block'
C:\Users\Stefan\Desktop\oop\SursePOO\laborator10\laborator10\Array.h(131,27): message : error recovery skipped: ')'
C:\Users\Stefan\Desktop\oop\SursePOO\laborator10\laborator10\Array.h(158,26): error C7527: 'e': template parameter name cannot be redeclared
C:\Users\Stefan\Desktop\oop\SursePOO\laborator10\laborator10\Array.h(60,1): message : see previous definition of 'e'
C:\Users\Stefan\Desktop\oop\SursePOO\laborator10\laborator10\Array.h(158,27): error C3878: syntax error: unexpected token ')' following 'try_block'
C:\Users\Stefan\Desktop\oop\SursePOO\laborator10\laborator10\Array.h(158,27): message : error recovery skipped: ')'
C:\Users\Stefan\Desktop\oop\SursePOO\laborator10\laborator10\Array.h(188,26): error C7527: 'e': template parameter name cannot be redeclared
C:\Users\Stefan\Desktop\oop\SursePOO\laborator10\laborator10\Array.h(60,1): message : see previous definition of 'e'
C:\Users\Stefan\Desktop\oop\SursePOO\laborator10\laborator10\Array.h(188,27): error C3878: syntax error: unexpected token ')' following 'try_block'
C:\Users\Stefan\Desktop\oop\SursePOO\laborator10\laborator10\Array.h(188,27): message : error recovery skipped: ')'
C:\Users\Stefan\Desktop\oop\SursePOO\laborator10\laborator10\Array.h(217,26): error C7527: 'e': template parameter name cannot be redeclared
C:\Users\Stefan\Desktop\oop\SursePOO\laborator10\laborator10\Array.h(60,1): message : see previous definition of 'e'
C:\Users\Stefan\Desktop\oop\SursePOO\laborator10\laborator10\Array.h(217,27): error C3878: syntax error: unexpected token ')' following 'try_block'
C:\Users\Stefan\Desktop\oop\SursePOO\laborator10\laborator10\Array.h(217,27): message : error recovery skipped: ')'
C:\Users\Stefan\Desktop\oop\SursePOO\laborator10\laborator10\Array.h(401,10): error C2955: 'ArrayIterator': use of class template requires template argument list
C:\Users\Stefan\Desktop\oop\SursePOO\laborator10\laborator10\Array.h(48): message : see declaration of 'ArrayIterator'
C:\Users\Stefan\Desktop\oop\SursePOO\laborator10\laborator10\Array.h(401,23): message : 'ArrayIterator': function declaration must be available as none of the arguments depend on a template parameter
C:\Users\Stefan\Desktop\oop\SursePOO\laborator10\laborator10\Array.h(404,10): error C2955: 'ArrayIterator': use of class template requires template argument list
C:\Users\Stefan\Desktop\oop\SursePOO\laborator10\laborator10\Array.h(48): message : see declaration of 'ArrayIterator'
C:\Users\Stefan\Desktop\oop\SursePOO\laborator10\laborator10\Array.h(404,23): message : 'ArrayIterator': function declaration must be available as none of the arguments depend on a template parameter
  main.cpp
  Generating Code...
